<?xml version="1.0" encoding="UTF-8"?>
<testng-results skipped="0" failed="0" ignored="0" total="1" passed="1">
  <reporter-output>
  </reporter-output>
  <suite name="Default suite" duration-ms="3376" started-at="2020-04-06T09:27:56 IST" finished-at="2020-04-06T09:27:59 IST">
    <groups>
    </groups>
    <test name="Default test" duration-ms="3376" started-at="2020-04-06T09:27:56 IST" finished-at="2020-04-06T09:27:59 IST">
      <class name="deleteRequest.LibraryAPI_E2ETest">
        <test-method status="PASS" signature="addBook()[pri:0, instance:deleteRequest.LibraryAPI_E2ETest@124c278f]" name="addBook" duration-ms="3330" started-at="2020-04-06T09:27:56 IST" finished-at="2020-04-06T09:27:59 IST">
          <reporter-output>
          </reporter-output>
        </test-method> <!-- addBook -->
      </class> <!-- deleteRequest.LibraryAPI_E2ETest -->
    </test> <!-- Default test -->
  </suite> <!-- Default suite -->
</testng-results>
